execve("./empty.x", ["./empty.x"], 0x7ffebd600330 /* 23 vars */) = 0
brk(NULL)                               = 0x55645bdb1000
arch_prctl(0x3001 /* ARCH_??? */, 0x7ffe9099f5e0) = -1 EINVAL (Invalid argument)
mmap(NULL, 8192, PROT_READ|PROT_WRITE, MAP_PRIVATE|MAP_ANONYMOUS, -1, 0) = 0x7f64f4bf0000
access("/etc/ld.so.preload", R_OK)      = -1 ENOENT (No such file or directory)
openat(AT_FDCWD, "/etc/ld.so.cache", O_RDONLY|O_CLOEXEC) = 3
newfstatat(3, "", {st_mode=S_IFREG|0644, st_size=22277, ...}, AT_EMPTY_PATH) = 0
mmap(NULL, 22277, PROT_READ, MAP_PRIVATE, 3, 0) = 0x7f64f4bea000
close(3)                                = 0
openat(AT_FDCWD, "/lib/x86_64-linux-gnu/libc.so.6", O_RDONLY|O_CLOEXEC) = 3
read(3, "\177ELF\2\1\1\3\0\0\0\0\0\0\0\0\3\0>\0\1\0\0\0\3206\2\0\0\0\0\0"..., 832) = 832
pread64(3, "\6\0\0\0\4\0\0\0@\0\0\0\0\0\0\0@\0\0\0\0\0\0\0@\0\0\0\0\0\0\0"..., 784, 64) = 784
newfstatat(3, "", {st_mode=S_IFREG|0644, st_size=2072888, ...}, AT_EMPTY_PATH) = 0
pread64(3, "\6\0\0\0\4\0\0\0@\0\0\0\0\0\0\0@\0\0\0\0\0\0\0@\0\0\0\0\0\0\0"..., 784, 64) = 784
mmap(NULL, 2117488, PROT_READ, MAP_PRIVATE|MAP_DENYWRITE, 3, 0) = 0x7f64f4800000
mmap(0x7f64f4822000, 1544192, PROT_READ|PROT_EXEC, MAP_PRIVATE|MAP_FIXED|MAP_DENYWRITE, 3, 0x22000) = 0x7f64f4822000
mmap(0x7f64f499b000, 356352, PROT_READ, MAP_PRIVATE|MAP_FIXED|MAP_DENYWRITE, 3, 0x19b000) = 0x7f64f499b000
mmap(0x7f64f49f2000, 24576, PROT_READ|PROT_WRITE, MAP_PRIVATE|MAP_FIXED|MAP_DENYWRITE, 3, 0x1f1000) = 0x7f64f49f2000
mmap(0x7f64f49f8000, 53104, PROT_READ|PROT_WRITE, MAP_PRIVATE|MAP_FIXED|MAP_ANONYMOUS, -1, 0) = 0x7f64f49f8000
close(3)                                = 0
mmap(NULL, 12288, PROT_READ|PROT_WRITE, MAP_PRIVATE|MAP_ANONYMOUS, -1, 0) = 0x7f64f4be7000
arch_prctl(ARCH_SET_FS, 0x7f64f4be7740) = 0
set_tid_address(0x7f64f4be7a10)         = 3347260
set_robust_list(0x7f64f4be7a20, 24)     = 0
rseq(0x7f64f4be8060, 0x20, 0, 0x53053053) = 0
mprotect(0x7f64f49f2000, 16384, PROT_READ) = 0
mprotect(0x55645ae4a000, 4096, PROT_READ) = 0
mprotect(0x7f64f4c26000, 8192, PROT_READ) = 0
prlimit64(0, RLIMIT_STACK, NULL, {rlim_cur=8192*1024, rlim_max=RLIM64_INFINITY}) = 0
munmap(0x7f64f4bea000, 22277)           = 0
exit_group(0)                           = ?
+++ exited with 0 +++
