execve("./part1.x", ["./part1.x"], 0x7ffef6ada260 /* 23 vars */) = 0
brk(NULL)                               = 0x555e34927000
arch_prctl(0x3001 /* ARCH_??? */, 0x7fff25c587d0) = -1 EINVAL (Invalid argument)
mmap(NULL, 8192, PROT_READ|PROT_WRITE, MAP_PRIVATE|MAP_ANONYMOUS, -1, 0) = 0x7fc2d9d71000
access("/etc/ld.so.preload", R_OK)      = -1 ENOENT (No such file or directory)
openat(AT_FDCWD, "/etc/ld.so.cache", O_RDONLY|O_CLOEXEC) = 3
newfstatat(3, "", {st_mode=S_IFREG|0644, st_size=22277, ...}, AT_EMPTY_PATH) = 0
mmap(NULL, 22277, PROT_READ, MAP_PRIVATE, 3, 0) = 0x7fc2d9d6b000
close(3)                                = 0
openat(AT_FDCWD, "/lib/x86_64-linux-gnu/libc.so.6", O_RDONLY|O_CLOEXEC) = 3
read(3, "\177ELF\2\1\1\3\0\0\0\0\0\0\0\0\3\0>\0\1\0\0\0\3206\2\0\0\0\0\0"..., 832) = 832
pread64(3, "\6\0\0\0\4\0\0\0@\0\0\0\0\0\0\0@\0\0\0\0\0\0\0@\0\0\0\0\0\0\0"..., 784, 64) = 784
newfstatat(3, "", {st_mode=S_IFREG|0644, st_size=2072888, ...}, AT_EMPTY_PATH) = 0
pread64(3, "\6\0\0\0\4\0\0\0@\0\0\0\0\0\0\0@\0\0\0\0\0\0\0@\0\0\0\0\0\0\0"..., 784, 64) = 784
mmap(NULL, 2117488, PROT_READ, MAP_PRIVATE|MAP_DENYWRITE, 3, 0) = 0x7fc2d9a00000
mmap(0x7fc2d9a22000, 1544192, PROT_READ|PROT_EXEC, MAP_PRIVATE|MAP_FIXED|MAP_DENYWRITE, 3, 0x22000) = 0x7fc2d9a22000
mmap(0x7fc2d9b9b000, 356352, PROT_READ, MAP_PRIVATE|MAP_FIXED|MAP_DENYWRITE, 3, 0x19b000) = 0x7fc2d9b9b000
mmap(0x7fc2d9bf2000, 24576, PROT_READ|PROT_WRITE, MAP_PRIVATE|MAP_FIXED|MAP_DENYWRITE, 3, 0x1f1000) = 0x7fc2d9bf2000
mmap(0x7fc2d9bf8000, 53104, PROT_READ|PROT_WRITE, MAP_PRIVATE|MAP_FIXED|MAP_ANONYMOUS, -1, 0) = 0x7fc2d9bf8000
close(3)                                = 0
mmap(NULL, 12288, PROT_READ|PROT_WRITE, MAP_PRIVATE|MAP_ANONYMOUS, -1, 0) = 0x7fc2d9d68000
arch_prctl(ARCH_SET_FS, 0x7fc2d9d68740) = 0
set_tid_address(0x7fc2d9d68a10)         = 3555000
set_robust_list(0x7fc2d9d68a20, 24)     = 0
rseq(0x7fc2d9d69060, 0x20, 0, 0x53053053) = 0
mprotect(0x7fc2d9bf2000, 16384, PROT_READ) = 0
mprotect(0x555e340f5000, 4096, PROT_READ) = 0
mprotect(0x7fc2d9da7000, 8192, PROT_READ) = 0
prlimit64(0, RLIMIT_STACK, NULL, {rlim_cur=8192*1024, rlim_max=RLIM64_INFINITY}) = 0
munmap(0x7fc2d9d6b000, 22277)           = 0
dup(0)                                  = 3
newfstatat(AT_FDCWD, ".", {st_mode=S_IFDIR|0755, st_size=4096, ...}, 0) = 0
newfstatat(AT_FDCWD, "/root/proj2/part1", {st_mode=S_IFDIR|0755, st_size=4096, ...}, 0) = 0
getrandom("\xeb\x22\x66\xc4\x3c\x1e\xea\xc6", 8, GRND_NONBLOCK) = 8
brk(NULL)                               = 0x555e34927000
brk(0x555e34948000)                     = 0x555e34948000
clone(child_stack=NULL, flags=CLONE_CHILD_CLEARTID|CLONE_CHILD_SETTID|SIGCHLD, child_tidptr=0x7fc2d9d68a10) = 3555001
exit_group(-1)                          = ?
+++ exited with 255 +++
